e:\vsc\y2t3 physx\physx-phase-1\x64\release\normals.frag
e:\vsc\y2t3 physx\physx-phase-1\x64\release\normals.vert
e:\vsc\y2t3 physx\physx-phase-1\graphicssetup\x64\release\vc143.pdb
e:\vsc\y2t3 physx\physx-phase-1\graphicssetup\x64\release\shader.obj
e:\vsc\y2t3 physx\physx-phase-1\graphicssetup\x64\release\physicsworld.obj
e:\vsc\y2t3 physx\physx-phase-1\graphicssetup\x64\release\myvector.obj
e:\vsc\y2t3 physx\physx-phase-1\graphicssetup\x64\release\model.obj
e:\vsc\y2t3 physx\physx-phase-1\graphicssetup\x64\release\main.obj
e:\vsc\y2t3 physx\physx-phase-1\graphicssetup\x64\release\pointlight.obj
e:\vsc\y2t3 physx\physx-phase-1\graphicssetup\x64\release\light.obj
e:\vsc\y2t3 physx\physx-phase-1\graphicssetup\x64\release\directionlight.obj
e:\vsc\y2t3 physx\physx-phase-1\graphicssetup\x64\release\forcegenerator.obj
e:\vsc\y2t3 physx\physx-phase-1\graphicssetup\x64\release\forceregistry.obj
e:\vsc\y2t3 physx\physx-phase-1\graphicssetup\x64\release\gravityforcegenerator.obj
e:\vsc\y2t3 physx\physx-phase-1\graphicssetup\x64\release\dragforcegenerator.obj
e:\vsc\y2t3 physx\physx-phase-1\graphicssetup\x64\release\firstpersoncamera.obj
e:\vsc\y2t3 physx\physx-phase-1\graphicssetup\x64\release\thirdpersoncamera.obj
e:\vsc\y2t3 physx\physx-phase-1\graphicssetup\x64\release\orthocamera.obj
e:\vsc\y2t3 physx\physx-phase-1\graphicssetup\x64\release\mycamera.obj
e:\vsc\y2t3 physx\physx-phase-1\graphicssetup\x64\release\glad.obj
e:\vsc\y2t3 physx\physx-phase-1\graphicssetup\x64\release\particlecontact.obj
e:\vsc\y2t3 physx\physx-phase-1\graphicssetup\x64\release\contactresolver.obj
e:\vsc\y2t3 physx\physx-phase-1\x64\release\graphicssetup.exe
e:\vsc\y2t3 physx\physx-phase-1\x64\release\graphicssetup.pdb
e:\vsc\y2t3 physx\physx-phase-1\graphicssetup\x64\release\graphicssetup.ipdb
e:\vsc\y2t3 physx\physx-phase-1\graphicssetup\x64\release\graphicssetup.iobj
e:\vsc\y2t3 physx\physx-phase-1\graphicssetup\x64\release\graphicssetup.tlog\copyfile.command.1.tlog
e:\vsc\y2t3 physx\physx-phase-1\graphicssetup\x64\release\graphicssetup.tlog\copyfile.read.1.tlog
e:\vsc\y2t3 physx\physx-phase-1\graphicssetup\x64\release\graphicssetup.tlog\copyfile.write.1.tlog
e:\vsc\y2t3 physx\physx-phase-1\graphicssetup\x64\release\graphicssetup.tlog\cl.read.1.tlog
e:\vsc\y2t3 physx\physx-phase-1\graphicssetup\x64\release\graphicssetup.tlog\cl.write.1.tlog
e:\vsc\y2t3 physx\physx-phase-1\graphicssetup\x64\release\graphicssetup.tlog\cl.command.1.tlog
e:\vsc\y2t3 physx\physx-phase-1\graphicssetup\x64\release\graphicssetup.tlog\link.read.54.tlog
e:\vsc\y2t3 physx\physx-phase-1\graphicssetup\x64\release\graphicssetup.tlog\link.write.1.tlog
e:\vsc\y2t3 physx\physx-phase-1\graphicssetup\x64\release\graphicssetup.tlog\link.secondary.1.tlog
e:\vsc\y2t3 physx\physx-phase-1\graphicssetup\x64\release\graphicssetup.tlog\link.command.1.tlog
e:\vsc\y2t3 physx\physx-phase-1\graphicssetup\x64\release\graphicssetup.tlog\cl.items.tlog
