  Cable.cpp
  Bungee.cpp
  Chain.cpp
  MyCamera.cpp
  OrthoCamera.cpp
  ThirdPersonCamera.cpp
E:\VSC\Y2T3 PHYSX\PHASE 2 ACTUAL\PHYSX-Phase-2\Camera\ThirdPersonCamera.cpp(20,25): warning C4305: '=': truncation from 'double' to 'float'
  FirstPersonCamera.cpp
  ContactResolver.cpp
  DragForceGenerator.cpp
E:\VSC\Y2T3 PHYSX\PHASE 2 ACTUAL\PHYSX-Phase-2\P6\DragForceGenerator.h(9,14): warning C4305: 'initializing': truncation from 'double' to 'float'
  (compiling source file 'P6/DragForceGenerator.cpp')
  
E:\VSC\Y2T3 PHYSX\PHASE 2 ACTUAL\PHYSX-Phase-2\P6\DragForceGenerator.h(10,14): warning C4305: 'initializing': truncation from 'double' to 'float'
  (compiling source file 'P6/DragForceGenerator.cpp')
  
  GravityForceGenerator.cpp
  ForceRegistry.cpp
  ForceGenerator.cpp
  DirectionLight.cpp
E:\VSC\Y2T3 PHYSX\PHASE 2 ACTUAL\PHYSX-Phase-2\Light\DirectionLight.cpp(11,20): warning C4305: '=': truncation from 'double' to 'float'
  Light.cpp
  PointLight.cpp
  main.cpp
E:\VSC\Y2T3 PHYSX\PHASE 2 ACTUAL\PHYSX-Phase-2\P6\DragForceGenerator.h(9,14): warning C4305: 'initializing': truncation from 'double' to 'float'
  (compiling source file 'main.cpp')
  
E:\VSC\Y2T3 PHYSX\PHASE 2 ACTUAL\PHYSX-Phase-2\P6\DragForceGenerator.h(10,14): warning C4305: 'initializing': truncation from 'double' to 'float'
  (compiling source file 'main.cpp')
  
E:\VSC\Y2T3 PHYSX\PHASE 2 ACTUAL\PHYSX-Phase-2\main.cpp(103,45): warning C4305: '+=': truncation from 'double' to 'float'
E:\VSC\Y2T3 PHYSX\PHASE 2 ACTUAL\PHYSX-Phase-2\main.cpp(106,45): warning C4305: '-=': truncation from 'double' to 'float'
E:\VSC\Y2T3 PHYSX\PHASE 2 ACTUAL\PHYSX-Phase-2\main.cpp(109,44): warning C4305: '+=': truncation from 'double' to 'float'
E:\VSC\Y2T3 PHYSX\PHASE 2 ACTUAL\PHYSX-Phase-2\main.cpp(113,44): warning C4305: '-=': truncation from 'double' to 'float'
E:\VSC\Y2T3 PHYSX\PHASE 2 ACTUAL\PHYSX-Phase-2\main.cpp(146,35): warning C4244: 'argument': conversion from 'float' to 'int', possible loss of data
E:\VSC\Y2T3 PHYSX\PHASE 2 ACTUAL\PHYSX-Phase-2\main.cpp(146,28): warning C4244: 'argument': conversion from 'float' to 'int', possible loss of data
E:\VSC\Y2T3 PHYSX\PHASE 2 ACTUAL\PHYSX-Phase-2\main.cpp(210,26): warning C4244: 'argument': conversion from 'float' to 'GLsizei', possible loss of data
E:\VSC\Y2T3 PHYSX\PHASE 2 ACTUAL\PHYSX-Phase-2\main.cpp(210,19): warning C4244: 'argument': conversion from 'float' to 'GLsizei', possible loss of data
E:\VSC\Y2T3 PHYSX\PHASE 2 ACTUAL\PHYSX-Phase-2\main.cpp(250,17): warning C4244: 'argument': conversion from 'time_t' to 'unsigned int', possible loss of data
E:\VSC\Y2T3 PHYSX\PHASE 2 ACTUAL\PHYSX-Phase-2\main.cpp(252,100): warning C4244: 'argument': conversion from 'double' to 'float', possible loss of data
E:\VSC\Y2T3 PHYSX\PHASE 2 ACTUAL\PHYSX-Phase-2\main.cpp(392,7): warning C4101: 'shaderCount': unreferenced local variable
  Model.cpp
E:\VSC\Y2T3 PHYSX\PHASE 2 ACTUAL\PHYSX-Phase-2\Object\Model.cpp(620,60): warning C4267: 'argument': conversion from 'size_t' to 'GLsizei', possible loss of data
  MyVector.cpp
  PhysicsWorld.cpp
E:\VSC\Y2T3 PHYSX\PHASE 2 ACTUAL\PHYSX-Phase-2\P6\PhysicsWorld.cpp(17,52): warning C4244: '=': conversion from 'double' to 'float', possible loss of data
E:\VSC\Y2T3 PHYSX\PHASE 2 ACTUAL\PHYSX-Phase-2\P6\PhysicsWorld.cpp(18,108): warning C4244: 'argument': conversion from 'int' to 'const float', possible loss of data
E:\VSC\Y2T3 PHYSX\PHASE 2 ACTUAL\PHYSX-Phase-2\P6\PhysicsWorld.cpp(18,84): warning C4244: 'argument': conversion from 'int' to 'const float', possible loss of data
E:\VSC\Y2T3 PHYSX\PHASE 2 ACTUAL\PHYSX-Phase-2\P6\PhysicsWorld.cpp(18,45): warning C4244: 'argument': conversion from 'int' to 'const float', possible loss of data
E:\VSC\Y2T3 PHYSX\PHASE 2 ACTUAL\PHYSX-Phase-2\P6\PhysicsWorld.cpp(20,39): warning C4244: '=': conversion from 'int' to 'float', possible loss of data
  ParticleContact.cpp
  Generating Code...
  Compiling...
  ParticleSpring.cpp
  ParticleLink.cpp
  Rod.cpp
  RenderLine.cpp
  Shader.cpp
  Generating Code...
  glad.c
  LINK : E:\VSC\Y2T3 PHYSX\PHASE 2 ACTUAL\PHYSX-Phase-2\x64\Debug\GraphicsSetup.exe not found or not built by the last incremental link; performing full link
LINK : warning LNK4098: defaultlib 'MSVCRT' conflicts with use of other libs; use /NODEFAULTLIB:library
  GraphicsSetup.vcxproj -> E:\VSC\Y2T3 PHYSX\PHASE 2 ACTUAL\PHYSX-Phase-2\x64\Debug\GraphicsSetup.exe
